<?xml version="1.0" encoding="utf-8"?><testsuites><testsuite name="pytest" errors="0" failures="0" skipped="0" tests="3" time="0.806" timestamp="2024-03-31T01:13:49.861695" hostname="b5083631cb6a"><testcase classname="tests.test_prediction" name="test_single_pred_not_none" time="0.027" /><testcase classname="tests.test_prediction" name="test_single_pred_str_type" time="0.027" /><testcase classname="tests.test_prediction" name="test_single_pred_validate" time="0.036" /></testsuite></testsuites>